<?xml version="1.0" encoding="UTF-8"?>
<!-- Generated by org.testng.reporters.JUnitReportReporter -->
<testsuite hostname="DESKTOP-KG2L12V" failures="0" tests="1" name="com.project.tests.HomeTest" time="27.609" errors="0" timestamp="2022-07-26T15:00:58 CST" skipped="0">
  <testcase classname="com.project.tests.HomeTest" name="testHomepage" time="27.609"/>
  <system-out>
    <![CDATA[Se agregó correctamente el poducto a la carretilla]]>
  </system-out>
</testsuite> <!-- com.project.tests.HomeTest -->
