<?xml version="1.0" encoding="UTF-8"?>
<!-- Generated by org.testng.reporters.JUnitXMLReporter -->
<testsuite ignored="0" hostname="DESKTOP-KG2L12V" failures="1" tests="1" name="LogOutTest" time="4.607" errors="0" timestamp="2022-09-28T18:33:06 CST">
  <testcase classname="com.project.tests.LogOutTest" name="logOut" time="0.033">
    <failure type="java.lang.AssertionError" message="28-09-22-No se muestra botón LogOut expected [true] but found [false]">
      <![CDATA[java.lang.AssertionError: 28-09-22-No se muestra botón LogOut expected [true] but found [false]
at com.project.pages.LogOutPage.LogOut(LogOutPage.java:22)
at com.project.tests.LogOutTest.logOut(LogOutTest.java:31)
at java.base/java.util.ArrayList.forEach(ArrayList.java:1511)
... Removed 30 stack frames]]>
    </failure>
  </testcase> <!-- logOut -->
</testsuite> <!-- LogOutTest -->
